<?xml version="1.0" encoding="UTF-8"?>
<testsuite xmlns:xsi="http://www.w3.org/2001/XMLSchema-instance" xsi:noNamespaceSchemaLocation="https://maven.apache.org/surefire/maven-surefire-plugin/xsd/surefire-test-report.xsd" version="3.0.2" name="com.omrbranch.runner.TestRunnerClass" time="16.486" tests="115" errors="0" skipped="0" failures="0">
  <properties>
[...]
</properties>
  <testcase name="User adds required login headers" classname="Get User logtoken from login endpoint" time="0.401">
    <system-out><![CDATA[
@OrderLogin
Scenario: Get User logtoken from login endpoint                                                         # src/test/resources/features/Order.feature:5
]]></system-out>
    <system-err><![CDATA[SLF4J(W): No SLF4J providers were found.
SLF4J(W): Defaulting to no-operation (NOP) logger implementation
SLF4J(W): See https://www.slf4j.org/codes.html#noProviders for further details.
]]></system-err>
  </testcase>
  <testcase name="User adds required login headers" classname="Get User logtoken from login endpoint" time="0.0">
    <system-out><![CDATA[
@ProfileLogin
Scenario: Get User logtoken from login endpoint                                                         # src/test/resources/features/Profile.feature:7
]]></system-out>
  </testcase>
  <testcase name="User adds required login headers" classname="Get User logtoken from login endpoint" time="0.0">
    <system-out><![CDATA[
@AddressLogin
Scenario: Get User logtoken from login endpoint                                                         # src/test/resources/features/UserAddress.feature:7
]]></system-out>
  </testcase>
  <testcase name="User adds basic authentication for login" classname="Get User logtoken from login endpoint" time="0.111">
    <system-out><![CDATA[  Given User adds required login headers                                                                # com.omrbranch.stepdefinition.TC001_LoginStep.user_adds_required_login_headers()
Happiestperson11062001@gmail.com
Karthi@1106
]]></system-out>
  </testcase>
  <testcase name="User adds basic authentication for login" classname="Get User logtoken from login endpoint" time="0.0">
    <system-out><![CDATA[  Given User adds required login headers                                                                # com.omrbranch.stepdefinition.TC001_LoginStep.user_adds_required_login_headers()
Happiestperson11062001@gmail.com
Karthi@1106
]]></system-out>
  </testcase>
  <testcase name="User adds basic authentication for login" classname="Get User logtoken from login endpoint" time="0.001">
    <system-out><![CDATA[  Given User adds required login headers                                                                # com.omrbranch.stepdefinition.TC001_LoginStep.user_adds_required_login_headers()
Happiestperson11062001@gmail.com
Karthi@1106
]]></system-out>
  </testcase>
  <testcase name="User sends &quot;POST&quot; request to the login endpoint" classname="Get User logtoken from login endpoint" time="1.194">
    <system-out><![CDATA[  When User adds basic authentication for login                                                         # com.omrbranch.stepdefinition.TC001_LoginStep.user_adds_basic_authentication_for_login()
200
{
    "status": 200,
    "message": "Login successfully",
    "data": {
        "id": 872,
        "user_code": "USR3N5M9",
        "first_name": "Karthikeyan",
        "last_name": "Srinivasan",
        "email": "happiestperson11062001@gmail.com",
        "mobile_number": "9789912849",
        "password": "$2y$10$eO4Zikl1uItgV2U.wK6wcen4dE1ESL.3qxmZS5NxAhN3.A/FaYnAq",
        "api_key": "CDEFG2117jkl33180",
        "days": 11,
        "month": "June",
        "year": "2001",
        "gender": "male",
        "hobbies": "painting",
        "forgot_key": "",
        "profile_picture": "https://omrbranch.com/uploads/profiles/178116082866e1accb-777c-4cd9-b4f5-fbeeea174291.png",
        "login_cookie": "aGFwcGllc3RwZXJzb24xMTA2MjAwMUBnbWFpbC5jb20=1781265054",
        "google_signin": 0,
        "google_auth_id": "",
        "facebook_signin": 0,
        "facebook_id": "",
        "referral_code": "XY1200GHI16",
        "wallet_amount": 0,
        "device_id": null,
        "device_token": null,
        "is_verified": 1,
        "admin_verify": 1,
        "admin_verified": 0,
        "flight_access": "no",
        "device_type": null,
        "status": "AC",
        "travel_access": "yes",
        "grocery_front_access": "yes",
        "travel_with_api_access": "no",
        "sample_api_access": "yes",
        "database_access": "no",
        "admin_panel_access": "no",
        "mobile_app_access": "yes",
        "faq_set1_access": "yes",
        "faq_set2_access": "yes",
        "faq_set3_access": "no",
        "faq_set4_access": "no",
        "created_at": "2026-05-28 14:00:14",
        "updated_at": "2026-06-12 17:20:54",
        "refer_screen": "Ask your friends to signup with your referral code. Once done, both you and your friend each earn $ 5",
        "logtoken": "eyJ0eXAiOiJKV1QiLCJhbGciOiJSUzI1NiIsImp0aSI6ImMyNTUwZGRkMDcxNzU5MTUwYWM4MjdhZjQ2Nzc3Yzc0MGU1MWRhZGZkZGEyYmNhNzAyZWU1N2Y4N2U5NWMzMzM2NzEwZTZmNjg1MmVlM2RjIn0.eyJhdWQiOiIzIiwianRpIjoiYzI1NTBkZGQwNzE3NTkxNTBhYzgyN2FmNDY3NzdjNzQwZTUxZGFkZmRkYTJiY2E3MDJlZTU3Zjg3ZTk1YzMzMzY3MTBlNmY2ODUyZWUzZGMiLCJpYXQiOjE3ODEzNTE4MDMsIm5iZiI6MTc4MTM1MTgwMywiZXhwIjoxODEyODg3ODAzLCJzdWIiOiI4NzIiLCJzY29wZXMiOltdfQ.bd62vlmIgQoECYO5q7JyocnSAcJNIfTUseCRhaTaCp0YMJOjzHXJsRI5dEGgpDHmthE3XMeJyoHqTAFob6YhVDeyjJn44j17A9kereV6vGaqASC48yWH5ZdfYnLmufA9kEb2s6G7tkAW9MasJUnjCVYILK_wXyTKJTan680F8QrKxWkVw1fGY75e21gYI0udZBmLkkefpFRj0mJ438fgYSJWEKUvWM7O6HThWzmHUbrojEEqLuYptzyVD1e1yR_G63nydTJaAxLpuJ_5rbLKbQ0XEkg_-iqigegK9bwO6G4Xqql3zRVhl3ox__DFd-bWi0QQv30y6oZzV0NXdNGZBjgMVCzyMXCTmuk4lQ2QqLMyWusEtY_PUUVqK6Ww8HqvgTHr1LZGCktysHdZaeP4nu1LpYDTKfDndKoFqZQW9Q3AwF6G7g0CGmtKbzJLdumHocbM7PU1xt03A65kunSKXkrJLrdC4YHoYzb3Zpb98kwE4mmyNBsGn3gn3cepLrj3eG1ftQEVtys5Ve1iM0p4v1c_n73lWHArX503hkfsunb5eaP7SjXgRXCxtxT7A1NyGQqSpHCEhv9EUONEcW6dJZ9ccfEe_voUJ-7gp1_g0sEvlngVXWZGPeQVenBgY7hVic94l-t8iYVp6oY_AFQljhbN8Z4Vm1VeAsDzEoqGnlk",
        "user_role": [
            {
                "id": 7,
                "role": "user",
                "name": "User",
                "status": "AC",
                "created_at": "2019-01-24 11:20:45",
                "updated_at": "2022-11-18 12:37:46",
                "pivot": {
                    "user_id": 872,
                    "role_id": 7
                }
            }
        ]
    },
    "refer_msg": "Register on GoGrocery with XY1200GHI16 and earn $ 5. Download on Android https://play.google.com/store/apps/details?id=com.Go_Grocery&hl=en & Download on iOS https://apps.apple.com/in/app/go-grocery-club/id1512758810",
    "cart_count": 0,
    "role": "user"
}
]]></system-out>
  </testcase>
  <testcase name="User sends &quot;POST&quot; request to the login endpoint" classname="Get User logtoken from login endpoint" time="0.699">
    <system-out><![CDATA[  When User adds basic authentication for login                                                         # com.omrbranch.stepdefinition.TC001_LoginStep.user_adds_basic_authentication_for_login()
200
{
    "status": 200,
    "message": "Login successfully",
    "data": {
        "id": 872,
        "user_code": "USR3N5M9",
        "first_name": "Karthikeyan",
        "last_name": "Srinivasan",
        "email": "happiestperson11062001@gmail.com",
        "mobile_number": "9789912849",
        "password": "$2y$10$eO4Zikl1uItgV2U.wK6wcen4dE1ESL.3qxmZS5NxAhN3.A/FaYnAq",
        "api_key": "CDEFG2117jkl33180",
        "days": 11,
        "month": "June",
        "year": "2001",
        "gender": "male",
        "hobbies": "painting",
        "forgot_key": "",
        "profile_picture": "https://omrbranch.com/uploads/profiles/178116082866e1accb-777c-4cd9-b4f5-fbeeea174291.png",
        "login_cookie": "aGFwcGllc3RwZXJzb24xMTA2MjAwMUBnbWFpbC5jb20=1781265054",
        "google_signin": 0,
        "google_auth_id": "",
        "facebook_signin": 0,
        "facebook_id": "",
        "referral_code": "XY1200GHI16",
        "wallet_amount": 0,
        "device_id": null,
        "device_token": null,
        "is_verified": 1,
        "admin_verify": 1,
        "admin_verified": 0,
        "flight_access": "no",
        "device_type": null,
        "status": "AC",
        "travel_access": "yes",
        "grocery_front_access": "yes",
        "travel_with_api_access": "no",
        "sample_api_access": "yes",
        "database_access": "no",
        "admin_panel_access": "no",
        "mobile_app_access": "yes",
        "faq_set1_access": "yes",
        "faq_set2_access": "yes",
        "faq_set3_access": "no",
        "faq_set4_access": "no",
        "created_at": "2026-05-28 14:00:14",
        "updated_at": "2026-06-12 17:20:54",
        "refer_screen": "Ask your friends to signup with your referral code. Once done, both you and your friend each earn $ 5",
        "logtoken": "eyJ0eXAiOiJKV1QiLCJhbGciOiJSUzI1NiIsImp0aSI6IjQzMGIyNDc2ZmVlOWJjZjk4NGQxMTljOTI3NTY0NzAxMWVmMmZiOWM4ZjViM2YzNTYxOWJkN2U3ZGU4NzZmOTdmYmRiODM4NDE5MDgyZjNhIn0.eyJhdWQiOiIzIiwianRpIjoiNDMwYjI0NzZmZWU5YmNmOTg0ZDExOWM5Mjc1NjQ3MDExZWYyZmI5YzhmNWIzZjM1NjE5YmQ3ZTdkZTg3NmY5N2ZiZGI4Mzg0MTkwODJmM2EiLCJpYXQiOjE3ODEzNTE4MTEsIm5iZiI6MTc4MTM1MTgxMSwiZXhwIjoxODEyODg3ODExLCJzdWIiOiI4NzIiLCJzY29wZXMiOltdfQ.s4d3Z01vpxDqgOTStYqCu6DAJ03JBSfYMtvcRdo2scn6XH302v2pb6BTzOS7-oCBG9Tz-9yUKkFCnAJdjDVS6PIokF8WPca8_SkgsHLP_n6YOwGyeoYi8oanQ6aiNb2JsXTvpTlJfbaBVqwqqwqRDa2dn0AVKY5wbRxApSg8vGOq-NBQVK0j0PRMaQUiGs1Vo5WPGtHd3UoVk2iSAcvRcJs76DzWdSHcJS2lUmYGpeRUYukqUZ27buGDmz9_MXb0CGzGuCZAjsCqhve1mvRcPSThd2QzFJ34_PTjO5ro8XUvH1CHrEaQDgonhKh-Tw9bBSwaecdK_GnrGBNRIydrepM6C56xjfkcsn8mEnpg8z3uWt0fh3_-Fme0XDN7bx4InO0g7BMsVgzOOcHPCrxDRnltDf5Ak0xiQ1RvXpnUnu1jc3bLxlrhjF08c9yrKt8hGrb5nHGbA0wvUmmFSsLOdhpTBZs2d13-BvRvAHbJUUilM6DK943qv6Hy3k-ef-rlJ3gX2Jr93sUv658bLNMrEq1GVW9Dh9lxu2esKoG2dCWl23ayY3dg-1d3eaMbtVoqGd573tK-QI89YhR9mofYQ3xpC8K8T-0_oAoDFKVt30VoOcgUEBLCVFhRMW4daFVhzsYwehnEY650S6Jek58Qur9gtk-lFRK-cX05Fpp_bvI",
        "user_role": [
            {
                "id": 7,
                "role": "user",
                "name": "User",
                "status": "AC",
                "created_at": "2019-01-24 11:20:45",
                "updated_at": "2022-11-18 12:37:46",
                "pivot": {
                    "user_id": 872,
                    "role_id": 7
                }
            }
        ]
    },
    "refer_msg": "Register on GoGrocery with XY1200GHI16 and earn $ 5. Download on Android https://play.google.com/store/apps/details?id=com.Go_Grocery&hl=en & Download on iOS https://apps.apple.com/in/app/go-grocery-club/id1512758810",
    "cart_count": 0,
    "role": "user"
}
]]></system-out>
  </testcase>
  <testcase name="User sends &quot;POST&quot; request to the login endpoint" classname="Get User logtoken from login endpoint" time="0.527">
    <system-out><![CDATA[  When User adds basic authentication for login                                                         # com.omrbranch.stepdefinition.TC001_LoginStep.user_adds_basic_authentication_for_login()
200
{
    "status": 200,
    "message": "Login successfully",
    "data": {
        "id": 872,
        "user_code": "USR3N5M9",
        "first_name": "Karthikeyan",
        "last_name": "Srinivasan",
        "email": "happiestperson11062001@gmail.com",
        "mobile_number": "9789912849",
        "password": "$2y$10$eO4Zikl1uItgV2U.wK6wcen4dE1ESL.3qxmZS5NxAhN3.A/FaYnAq",
        "api_key": "CDEFG2117jkl33180",
        "days": 11,
        "month": "June",
        "year": "2001",
        "gender": "male",
        "hobbies": "painting",
        "forgot_key": "",
        "profile_picture": "https://omrbranch.com/uploads/profiles/178135181366e1accb-777c-4cd9-b4f5-fbeeea174291.png",
        "login_cookie": "aGFwcGllc3RwZXJzb24xMTA2MjAwMUBnbWFpbC5jb20=1781265054",
        "google_signin": 0,
        "google_auth_id": "",
        "facebook_signin": 0,
        "facebook_id": "",
        "referral_code": "XY1200GHI16",
        "wallet_amount": 0,
        "device_id": null,
        "device_token": null,
        "is_verified": 1,
        "admin_verify": 1,
        "admin_verified": 0,
        "flight_access": "no",
        "device_type": null,
        "status": "AC",
        "travel_access": "yes",
        "grocery_front_access": "yes",
        "travel_with_api_access": "no",
        "sample_api_access": "yes",
        "database_access": "no",
        "admin_panel_access": "no",
        "mobile_app_access": "yes",
        "faq_set1_access": "yes",
        "faq_set2_access": "yes",
        "faq_set3_access": "no",
        "faq_set4_access": "no",
        "created_at": "2026-05-28 14:00:14",
        "updated_at": "2026-06-13 17:26:53",
        "refer_screen": "Ask your friends to signup with your referral code. Once done, both you and your friend each earn $ 5",
        "logtoken": "eyJ0eXAiOiJKV1QiLCJhbGciOiJSUzI1NiIsImp0aSI6IjVmNzEzZDg2MWU4ZTJkMmY3OTRiYjlmNWRlNzEwOGYwODk1ODBmYTI3MWFiMjY2Y2YzZTdkZDk5OTMxMTc1NTZkYjlmOWYwYzRkYzY2ZTA1In0.eyJhdWQiOiIzIiwianRpIjoiNWY3MTNkODYxZThlMmQyZjc5NGJiOWY1ZGU3MTA4ZjA4OTU4MGZhMjcxYWIyNjZjZjNlN2RkOTk5MzExNzU1NmRiOWY5ZjBjNGRjNjZlMDUiLCJpYXQiOjE3ODEzNTE4MTQsIm5iZiI6MTc4MTM1MTgxNCwiZXhwIjoxODEyODg3ODE0LCJzdWIiOiI4NzIiLCJzY29wZXMiOltdfQ.syBZHI7gM-pjp9rsYFzEZSEhHAueJADOOtAmuVKBuKDMdZtvRqNSOPPl8SBdLho3c_uJogAnaGE-RL-8qOl_Y6kVfH9WXoN-JTyPRJtHJFTIEWT-Ba9ix8K1BnSf4mdfMAYvzrjk8f-19pmhTnvc1obG7PEWcXbxRIQpscQBSNZRz5Rz2F_Iml1OSGqSXXZRhJo1TuJTMeDd7UIb7wFrUbMNFaX_rCIpfyW2yBMgHWv5q799ifddj_9us7jtikUT97Drylft3WpChhDeFuWtcdE9wmnDLOZV5nLLPuZVC4bV5YgrHIVv_v-lIkZTr5rjSCcLq2bimHgLBwwqS3V6msi-IGbzJdblm38q9jTP_ANiRWbFOukH9GSERi351jYNJnc3Ljctt9ght3Fgrh8qUnx3jjENqSqcUuDrMrBp5a_qhFEE8dKIqHWbXTim8AtVMS0io8TZd2umTXVJBTaf_pT93DPbUUoKoCUCMRGbOBe7uYk6Rt0J1FIMmSbfCHIxAhIxDnhJOxHVAb4kn6Xmi0ZOv9OqYqPFuK4PkVI_2pSn24bBXv2gNf_FLNDKuxavvvAOfpULwHn-Z7qMwRgzEt4Th_kOTfuNZAiRNOjvGWV5RylbQsm0Lkxq5r2tRDP90mE36ciVIyOw13IrY3wNwIOWVqu3WLt6vf4BPiVseF8",
        "user_role": [
            {
                "id": 7,
                "role": "user",
                "name": "User",
                "status": "AC",
                "created_at": "2019-01-24 11:20:45",
                "updated_at": "2022-11-18 12:37:46",
                "pivot": {
                    "user_id": 872,
                    "role_id": 7
                }
            }
        ]
    },
    "refer_msg": "Register on GoGrocery with XY1200GHI16 and earn $ 5. Download on Android https://play.google.com/store/apps/details?id=com.Go_Grocery&hl=en & Download on iOS https://apps.apple.com/in/app/go-grocery-club/id1512758810",
    "cart_count": 0,
    "role": "user"
}
]]></system-out>
  </testcase>
  <testcase name="User should verify the status code is 200" classname="Get User logtoken from login endpoint" time="0.0">
    <system-out><![CDATA[  And User sends "POST" request to the login endpoint                                                   # com.omrbranch.stepdefinition.TC001_LoginStep.user_sends_request_to_the_login_endpoint(java.lang.String)
]]></system-out>
  </testcase>
  <testcase name="User should verify the status code is 200" classname="Get User logtoken from login endpoint" time="0.0">
    <system-out><![CDATA[  And User sends "POST" request to the login endpoint                                                   # com.omrbranch.stepdefinition.TC001_LoginStep.user_sends_request_to_the_login_endpoint(java.lang.String)
]]></system-out>
  </testcase>
  <testcase name="User should verify the status code is 200" classname="Get User logtoken from login endpoint" time="0.0">
    <system-out><![CDATA[  And User sends "POST" request to the login endpoint                                                   # com.omrbranch.stepdefinition.TC001_LoginStep.user_sends_request_to_the_login_endpoint(java.lang.String)
]]></system-out>
  </testcase>
  <testcase name="User should verify the login response body contains firstName &quot;Karthikeyan&quot; and save the logtoken" classname="Get User logtoken from login endpoint" time="0.149">
    <system-out><![CDATA[  Then User should verify the status code is 200                                                        # com.omrbranch.stepdefinition.CommonStep.user_should_verify_the_status_code_is(int)
]]></system-out>
  </testcase>
  <testcase name="User should verify the login response body contains firstName &quot;Karthikeyan&quot; and save the logtoken" classname="Get User logtoken from login endpoint" time="0.0">
    <system-out><![CDATA[  Then User should verify the status code is 200                                                        # com.omrbranch.stepdefinition.CommonStep.user_should_verify_the_status_code_is(int)
]]></system-out>
  </testcase>
  <testcase name="User should verify the login response body contains firstName &quot;Karthikeyan&quot; and save the logtoken" classname="Get User logtoken from login endpoint" time="0.0">
    <system-out><![CDATA[  Then User should verify the status code is 200                                                        # com.omrbranch.stepdefinition.CommonStep.user_should_verify_the_status_code_is(int)
]]></system-out>
  </testcase>
  <testcase name="" classname="Get User logtoken from login endpoint" time="0.151">
    <system-out><![CDATA[  And User should verify the login response body contains firstName "Karthikeyan" and save the logtoken # com.omrbranch.stepdefinition.TC001_LoginStep.user_should_verify_the_login_response_body_contains_first_name_and_save_the_logtoken(java.lang.String)
]]></system-out>
  </testcase>
  <testcase name="" classname="Get User logtoken from login endpoint" time="0.001">
    <system-out><![CDATA[  And User should verify the login response body contains firstName "Karthikeyan" and save the logtoken # com.omrbranch.stepdefinition.TC001_LoginStep.user_should_verify_the_login_response_body_contains_first_name_and_save_the_logtoken(java.lang.String)
]]></system-out>
  </testcase>
  <testcase name="" classname="Get User logtoken from login endpoint" time="0.004">
    <system-out><![CDATA[  And User should verify the login response body contains firstName "Karthikeyan" and save the logtoken # com.omrbranch.stepdefinition.TC001_LoginStep.user_should_verify_the_login_response_body_contains_first_name_and_save_the_logtoken(java.lang.String)
]]></system-out>
  </testcase>
  <testcase name="User sets bearer authorization for ClearCart endpoint" classname="Verify cart is already empty" time="0.001">
    <system-out><![CDATA[
@ClearCart
Scenario: Verify cart is already empty                                        # src/test/resources/features/Order.feature:12
]]></system-out>
  </testcase>
  <testcase name="User sends &quot;GET&quot; request to the ClearCart endpoint" classname="Verify cart is already empty" time="0.372">
    <system-out><![CDATA[  Given User sets bearer authorization for ClearCart endpoint                 # com.omrbranch.stepdefinition.TC009_ClearCartStep.user_sets_bearer_authorization_for_clear_cart_endpoint()
{
    "status": 200,
    "message": "Cart has been cleared.",
    "cart_count": 0
}
]]></system-out>
  </testcase>
  <testcase name="User should verify the status code is 200" classname="Verify cart is already empty" time="0.0">
    <system-out><![CDATA[  When User sends "GET" request to the ClearCart endpoint                     # com.omrbranch.stepdefinition.TC009_ClearCartStep.user_sends_request_to_the_clear_cart_endpoint(java.lang.String)
]]></system-out>
  </testcase>
  <testcase name="Verify the ClearCart response message is &quot;Currently Your Cart is empty&quot;" classname="Verify cart is already empty" time="0.0">
    <system-out><![CDATA[  Then User should verify the status code is 200                              # com.omrbranch.stepdefinition.CommonStep.user_should_verify_the_status_code_is(int)
]]></system-out>
  </testcase>
  <testcase name="" classname="Verify cart is already empty" time="0.002">
    <system-out><![CDATA[  And Verify the ClearCart response message is "Currently Your Cart is empty" # com.omrbranch.stepdefinition.TC009_ClearCartStep.verify_the_clear_cart_response_message_is(java.lang.String)
]]></system-out>
  </testcase>
  <testcase name="User sets headers for SearchProduct" classname="Search for product and save category/product IDs" time="0.0">
    <system-out><![CDATA[
@SearchProduct
Scenario: Search for product and save category/product IDs                                                                                                                                        # src/test/resources/features/Order.feature:18
]]></system-out>
  </testcase>
  <testcase name="User sets request body to search for product &quot;Nuts&quot;" classname="Search for product and save category/product IDs" time="0.05">
    <system-out><![CDATA[  Given User sets headers for SearchProduct                                                                                                                                                       # com.omrbranch.stepdefinition.TC010_SearchProductStep.user_sets_headers_for_search_product()
]]></system-out>
  </testcase>
  <testcase name="User sends &quot;POST&quot; request to the SearchProduct endpoint" classname="Search for product and save category/product IDs" time="0.334">
    <system-out><![CDATA[  When User sets request body to search for product "Nuts"                                                                                                                                        # com.omrbranch.stepdefinition.TC010_SearchProductStep.user_sets_request_body_to_search_for_product(java.lang.String)
{
    "status": 200,
    "message": "OK",
    "data": [
        {
            "image": "https://omrbranch.com/uploads/categories/1600855330Fruit_Nuts.jpg",
            "type": "product",
            "text": "Happilo 100% Natural Premium California Almonds | Premium Badam Giri in Fruit & Nuts",
            "id": 18,
            "category_id": 4
        },
        {
            "image": "https://omrbranch.com/uploads/categories/1600855330Fruit_Nuts.jpg",
            "type": "product",
            "text": "Tata Sampann 100% Iranian Pistachios Roasted & Salted in Fruit & Nuts",
            "id": 20,
            "category_id": 4
        },
        {
            "image": "https://omrbranch.com/uploads/categories/1600855330Fruit_Nuts.jpg",
            "type": "product",
            "text": "Berries And Nuts Premium Jumbo Brazil Nuts, in Fruit & Nuts",
            "id": 21,
            "category_id": 4
        },
        {
            "image": "https://omrbranch.com/uploads/categories/1600855330Fruit_Nuts.jpg",
            "type": "product",
            "text": "FarmOwn Whole Cashew Nut W320 Regular Size Cashews Kaju in Fruit & Nuts",
            "id": 23,
            "category_id": 4
        },
        {
            "image": "https://omrbranch.com/uploads/categories/1600855330Fruit_Nuts.jpg",
            "type": "product",
            "text": "Amazon Brand - Vedaka Popular Whole Almonds in Fruit & Nuts",
            "id": 24,
            "category_id": 4
        },
        {
            "image": "https://omrbranch.com/uploads/categories/1600855330Fruit_Nuts.jpg",
            "type": "product",
            "text": "The Crunch Studio Premium Iranian Roasted & Salted Pistachios in Fruit & Nuts",
            "id": 25,
            "category_id": 4
        },
        {
            "image": "https://omrbranch.com/uploads/categories/1600855330Fruit_Nuts.jpg",
            "type": "product",
            "text": "Paper Boat Roasted Mixed Nuts with Wayanad Pepper, Premium Dry Fruit Mix | Almonds & Cashews in Fruit & Nuts",
            "id": 26,
            "category_id": 4
        },
        {
            "image": "https://omrbranch.com/uploads/categories/1600855330Fruit_Nuts.jpg",
            "type": "product",
            "text": "Zucchero Roasted Premium Nuts, Seeds & Berries, Unsalted in Fruit & Nuts",
            "id": 30,
            "category_id": 4
        },
        {
            "image": "https://omrbranch.com/uploads/categories/1600855330Fruit_Nuts.jpg",
            "type": "product",
            "text": "Nutraj 100% Natural Premium Whole Cashew Nuts in Fruit & Nuts",
            "id": 33,
            "category_id": 4
        },
        {
            "image": "https://omrbranch.com/uploads/categories/1600855330Fruit_Nuts.jpg",
            "type": "product",
            "text": "Tulsi California Walnuts Kernels Premium in Fruit & Nuts",
            "id": 34,
            "category_id": 4
        }
    ],
    "currency": "$"
}
]]></system-out>
  </testcase>
  <testcase name="User should verify the status code is 200" classname="Search for product and save category/product IDs" time="0.0">
    <system-out><![CDATA[  And User sends "POST" request to the SearchProduct endpoint                                                                                                                                     # com.omrbranch.stepdefinition.TC010_SearchProductStep.user_sends_request_to_the_search_product_endpoint(java.lang.String)
]]></system-out>
  </testcase>
  <testcase name="Verify the search result includes product name &quot;Happilo 100% Natural Premium California Almonds | Premium Badam Giri in Fruit &amp; Nuts&quot; and Save the category ID and product ID from response" classname="Search for product and save category/product IDs" time="0.001">
    <system-out><![CDATA[  Then User should verify the status code is 200                                                                                                                                                  # com.omrbranch.stepdefinition.CommonStep.user_should_verify_the_status_code_is(int)
Category Id : 4
Product Id : 18
]]></system-out>
  </testcase>
  <testcase name="" classname="Search for product and save category/product IDs" time="0.002">
    <system-out><![CDATA[  And Verify the search result includes product name "Happilo 100% Natural Premium California Almonds | Premium Badam Giri in Fruit & Nuts" and Save the category ID and product ID from response # com.omrbranch.stepdefinition.TC010_SearchProductStep.verify_the_search_result_includes_product_name_and_save_the_category_id_and_product_id_from_response(java.lang.String)
]]></system-out>
  </testcase>
  <testcase name="User sets bearer authorization for GetSearchProductList endpoint" classname="Retrieve product variant from search resultt" time="0.0">
    <system-out><![CDATA[
@GetSearchProductList
Scenario: Retrieve product variant from search resultt                                       # src/test/resources/features/Order.feature:25
]]></system-out>
  </testcase>
  <testcase name="User sets request body with saved product ID" classname="Retrieve product variant from search resultt" time="0.002">
    <system-out><![CDATA[  Given User sets bearer authorization for GetSearchProductList endpoint                     # com.omrbranch.stepdefinition.TC011_CartStep.user_sets_bearer_authorization_for_get_search_product_list_endpoint()
]]></system-out>
  </testcase>
  <testcase name="User sends &quot;POST&quot; request to the GetSearchProductList endpoint" classname="Retrieve product variant from search resultt" time="0.353">
    <system-out><![CDATA[  When User sets request body with saved product ID                                          # com.omrbranch.stepdefinition.TC011_CartStep.user_sets_request_body_with_saved_product_id()
{
    "status": 200,
    "message": "OK",
    "currency": "$",
    "data": [
        {
            "id": 18,
            "product_code": "PROD3368",
            "image": "https://omrbranch.com/uploads/products/16576077841.jpg",
            "name": "Happilo 100% Natural Premium California Almonds | Premium Badam Giri",
            "description": "<h1 class=\"a-size-base-plus a-text-bold\" style=\"padding: 0px 0px 4px; margin-right: 0px; margin-bottom: 0px; margin-left: 0px; text-rendering: optimizelegibility; color: rgb(15, 17, 17); font-family: \"Amazon Ember\", Arial, sans-serif; font-weight: 700 !important; font-size: 16px !important; line-height: 24px !important;\">About this item</h1><ul class=\"a-unordered-list a-vertical a-spacing-mini\" style=\"margin-right: 0px; margin-bottom: 0px; margin-left: 18px; color: rgb(15, 17, 17); padding: 0px; font-family: \"Amazon Ember\", Arial, sans-serif; font-size: 14px;\"><li style=\"list-style: disc; overflow-wrap: break-word; margin: 0px;\"><span class=\"a-list-item\">Suitable for all age groups</span></li><li style=\"list-style: disc; overflow-wrap: break-word; margin: 0px;\"><span class=\"a-list-item\">100% Real nuts- good for an active life style</span></li><li style=\"list-style: disc; overflow-wrap: break-word; margin: 0px;\"><span class=\"a-list-item\">Low glycemic Index</span></li><li style=\"list-style: disc; overflow-wrap: break-word; margin: 0px;\"><span class=\"a-list-item\">High protein, dietary fiber, no gluten, NON-GMO, zero trans fat, zero cholesterol</span></li><li style=\"list-style: disc; overflow-wrap: break-word; margin: 0px;\"><span class=\"a-list-item\">A pack of nut that prepares you for a power packed day ahead</span></li><li style=\"list-style: disc; overflow-wrap: break-word; margin: 0px;\"><span class=\"a-list-item\">Happilo Zip Lock Pouch with airtight seal to ensure the product is protected and fresh. Quality assured - Happilo products are rigorously tested against the industry's best quality standards</span></li><li style=\"list-style: disc; overflow-wrap: break-word; margin: 0px;\"><span class=\"a-list-item\">Rich source of Omega-3, Anti oxidants, Vitamins, Calcium, Iron & Magnesium</span></li></ul>",
            "manage_stock": "1",
            "quick_grab": "0",
            "is_exclusive": "0",
            "status": "AC",
            "medium_image": "https://omrbranch.com/uploads/products/medium/medium-16576077841.jpg",
            "cart_count": 0,
            "variations": [
                {
                    "id": 23,
                    "product_id": 18,
                    "weight": "",
                    "unit_id": 0,
                    "qty": 0,
                    "price": "300.00",
                    "special_price": "290.00",
                    "max_qty": 0,
                    "status": "AC",
                    "created_at": "2022-07-12 12:06:24",
                    "updated_at": "2026-05-10 22:46:01",
                    "cart_count": 0,
                    "original_special_price": "290.00",
                    "discount": 3,
                    "is_available": 0,
                    "warning_msg": "Out of Stock",
                    "is_favorite": 0,
                    "specifications": "500 g",
                    "variation_option": [
                        {
                            "id": 30,
                            "product_id": 18,
                            "variation_id": 23,
                            "attribute_id": "3",
                            "attribute_value_id": 7,
                            "status": "AC",
                            "created_at": "2022-07-12 12:06:24",
                            "updated_at": "2022-11-18 07:08:01"
                        }
                    ],
                    "options": [
                        {
                            "id": 30,
                            "product_id": 18,
                            "variation_id": 23,
                            "attribute_id": "3",
                            "attribute_value_id": 7,
                            "status": "AC",
                            "created_at": "2022-07-12 12:06:24",
                            "updated_at": "2022-11-18 07:08:01",
                            "attribute_option": {
                                "id": 7,
                                "attribute_id": 3,
                                "value": "500 g",
                                "status": "AC",
                                "created_at": "2022-04-06 08:37:54",
                                "updated_at": "2022-09-16 19:21:03"
                            }
                        }
                    ]
                },
                {
                    "id": 24,
                    "product_id": 18,
                    "weight": "",
                    "unit_id": 0,
                    "qty": 3428,
                    "price": "600.00",
                    "special_price": "580.00",
                    "max_qty": 3428,
                    "status": "AC",
                    "created_at": "2022-07-12 12:06:24",
                    "updated_at": "2026-06-11 12:23:34",
                    "cart_count": 0,
                    "original_special_price": "580.00",
                    "discount": 3,
                    "is_available": 2,
                    "is_favorite": 0,
                    "specifications": "1 kg",
                    "options": [
                        {
                            "id": 31,
                            "product_id": 18,
                            "variation_id": 24,
                            "attribute_id": "3",
                            "attribute_value_id": 8,
                            "status": "AC",
                            "created_at": "2022-07-12 12:06:24",
                            "updated_at": "2022-11-18 07:08:01",
                            "attribute_option": {
                                "id": 8,
                                "attribute_id": 3,
                                "value": "1 kg",
                                "status": "AC",
                                "created_at": "2022-04-06 08:37:54",
                                "updated_at": "2022-09-16 19:21:03"
                            }
                        }
                    ]
                }
            ],
            "price": "300.00",
            "special_price": "290.00",
            "original_special_price": "290.00",
            "discount": 3,
            "product_variation_option": [
                7
            ],
            "product_variation_id": 23,
            "is_favorite": 0
        }
    ],
    "cart_count": 0
}
]]></system-out>
  </testcase>
  <testcase name="User should verify the status code is 200" classname="Retrieve product variant from search resultt" time="0.0">
    <system-out><![CDATA[  And User sends "POST" request to the GetSearchProductList endpoint                         # com.omrbranch.stepdefinition.TC011_CartStep.user_sends_request_to_the_get_search_product_list_endpoint(java.lang.String)
]]></system-out>
  </testcase>
  <testcase name="Verify the response includes product with specification &quot;1 kg&quot; and save the variant ID" classname="Retrieve product variant from search resultt" time="0.012">
    <system-out><![CDATA[  Then User should verify the status code is 200                                             # com.omrbranch.stepdefinition.CommonStep.user_should_verify_the_status_code_is(int)
Variant Id : 24
]]></system-out>
  </testcase>
  <testcase name="" classname="Retrieve product variant from search resultt" time="0.014">
    <system-out><![CDATA[  And Verify the response includes product with specification "1 kg" and save the variant ID # com.omrbranch.stepdefinition.TC011_CartStep.verify_the_response_includes_product_with_specification_and_save_the_variant_id(java.lang.String)
]]></system-out>
  </testcase>
  <testcase name="User sets bearer authorization for AddToCart endpoint" classname="Add searched product to cart" time="0.0">
    <system-out><![CDATA[
@AddToCart
Scenario: Add searched product to cart                                 # src/test/resources/features/Order.feature:32
]]></system-out>
  </testcase>
  <testcase name="User sets request body using saved variant ID" classname="Add searched product to cart" time="0.003">
    <system-out><![CDATA[  Given User sets bearer authorization for AddToCart endpoint          # com.omrbranch.stepdefinition.TC011_CartStep.user_sets_bearer_authorization_for_add_to_cart_endpoint()
]]></system-out>
  </testcase>
  <testcase name="User sends &quot;POST&quot; request to the AddToCart endpoint" classname="Add searched product to cart" time="0.37">
    <system-out><![CDATA[  When User sets request body using saved variant ID                   # com.omrbranch.stepdefinition.TC011_CartStep.user_sets_request_body_using_saved_variant_id()
{
    "status": 200,
    "message": "Product added in cart",
    "currency": "$",
    "cart_count": 1,
    "data": {
        "id": 18,
        "product_code": "PROD3368",
        "image": "https://omrbranch.com/uploads/products/16576077841.jpg",
        "name": "Happilo 100% Natural Premium California Almonds | Premium Badam Giri",
        "description": "<h1 class=\"a-size-base-plus a-text-bold\" style=\"padding: 0px 0px 4px; margin-right: 0px; margin-bottom: 0px; margin-left: 0px; text-rendering: optimizelegibility; color: rgb(15, 17, 17); font-family: \"Amazon Ember\", Arial, sans-serif; font-weight: 700 !important; font-size: 16px !important; line-height: 24px !important;\">About this item</h1><ul class=\"a-unordered-list a-vertical a-spacing-mini\" style=\"margin-right: 0px; margin-bottom: 0px; margin-left: 18px; color: rgb(15, 17, 17); padding: 0px; font-family: \"Amazon Ember\", Arial, sans-serif; font-size: 14px;\"><li style=\"list-style: disc; overflow-wrap: break-word; margin: 0px;\"><span class=\"a-list-item\">Suitable for all age groups</span></li><li style=\"list-style: disc; overflow-wrap: break-word; margin: 0px;\"><span class=\"a-list-item\">100% Real nuts- good for an active life style</span></li><li style=\"list-style: disc; overflow-wrap: break-word; margin: 0px;\"><span class=\"a-list-item\">Low glycemic Index</span></li><li style=\"list-style: disc; overflow-wrap: break-word; margin: 0px;\"><span class=\"a-list-item\">High protein, dietary fiber, no gluten, NON-GMO, zero trans fat, zero cholesterol</span></li><li style=\"list-style: disc; overflow-wrap: break-word; margin: 0px;\"><span class=\"a-list-item\">A pack of nut that prepares you for a power packed day ahead</span></li><li style=\"list-style: disc; overflow-wrap: break-word; margin: 0px;\"><span class=\"a-list-item\">Happilo Zip Lock Pouch with airtight seal to ensure the product is protected and fresh. Quality assured - Happilo products are rigorously tested against the industry's best quality standards</span></li><li style=\"list-style: disc; overflow-wrap: break-word; margin: 0px;\"><span class=\"a-list-item\">Rich source of Omega-3, Anti oxidants, Vitamins, Calcium, Iron & Magnesium</span></li></ul>",
        "manage_stock": "1",
        "quick_grab": "0",
        "is_exclusive": "0",
        "status": "AC",
        "cart_count": 1,
        "price": "600.00",
        "special_price": "580.00",
        "discount": 3,
        "product_variation_option": [
            8
        ],
        "product_variation_id": 24,
        "variations": [
            {
                "id": 23,
                "product_id": 18,
                "weight": "",
                "unit_id": 0,
                "qty": 0,
                "price": "300.00",
                "special_price": "290.00",
                "max_qty": 0,
                "status": "AC",
                "created_at": "2022-07-12 12:06:24",
                "updated_at": "2026-05-10 22:46:01",
                "cart_count": 0,
                "original_special_price": "290.00",
                "discount": 3,
                "is_available": 0,
                "warning_msg": "Out of Stock",
                "is_favorite": 0,
                "specifications": "500 g",
                "options": [
                    {
                        "id": 30,
                        "product_id": 18,
                        "variation_id": 23,
                        "attribute_id": "3",
                        "attribute_value_id": 7,
                        "status": "AC",
                        "created_at": "2022-07-12 12:06:24",
                        "updated_at": "2022-11-18 07:08:01",
                        "attribute_option": {
                            "id": 7,
                            "attribute_id": 3,
                            "value": "500 g",
                            "status": "AC",
                            "created_at": "2022-04-06 08:37:54",
                            "updated_at": "2022-09-16 19:21:03"
                        }
                    }
                ]
            },
            {
                "id": 24,
                "product_id": 18,
                "weight": "",
                "unit_id": 0,
                "qty": 3428,
                "price": "600.00",
                "special_price": "580.00",
                "max_qty": 3428,
                "status": "AC",
                "created_at": "2022-07-12 12:06:24",
                "updated_at": "2026-06-11 12:23:34",
                "cart_count": 1,
                "discount": 3,
                "is_available": 2,
                "is_favorite": 0,
                "specifications": "1 kg",
                "options": [
                    {
                        "id": 31,
                        "product_id": 18,
                        "variation_id": 24,
                        "attribute_id": "3",
                        "attribute_value_id": 8,
                        "status": "AC",
                        "created_at": "2022-07-12 12:06:24",
                        "updated_at": "2022-11-18 07:08:01",
                        "attribute_option": {
                            "id": 8,
                            "attribute_id": 3,
                            "value": "1 kg",
                            "status": "AC",
                            "created_at": "2022-04-06 08:37:54",
                            "updated_at": "2022-09-16 19:21:03"
                        }
                    }
                ]
            }
        ],
        "is_favorite": 0
    }
}
]]></system-out>
  </testcase>
  <testcase name="User should verify the status code is 200" classname="Add searched product to cart" time="0.0">
    <system-out><![CDATA[  And User sends "POST" request to the AddToCart endpoint              # com.omrbranch.stepdefinition.TC011_CartStep.user_sends_request_to_the_add_to_cart_endpoint(java.lang.String)
]]></system-out>
  </testcase>
  <testcase name="Verify the AddToCart response message is &quot;Product added in cart&quot;" classname="Add searched product to cart" time="0.003">
    <system-out><![CDATA[  Then User should verify the status code is 200                       # com.omrbranch.stepdefinition.CommonStep.user_should_verify_the_status_code_is(int)
Cart Count : 1
]]></system-out>
  </testcase>
  <testcase name="" classname="Add searched product to cart" time="0.005">
    <system-out><![CDATA[  And Verify the AddToCart response message is "Product added in cart" # com.omrbranch.stepdefinition.TC011_CartStep.verify_the_add_to_cart_response_message_is(java.lang.String)
]]></system-out>
  </testcase>
  <testcase name="User sets bearer authorization for GetCart endpoint" classname="Get user cart and save cart IdD" time="0.0">
    <system-out><![CDATA[
@GetCartItems
Scenario: Get user cart and save cart IdD                          # src/test/resources/features/Order.feature:39
]]></system-out>
  </testcase>
  <testcase name="User sends &quot;GET&quot; request to the GetCart endpoint" classname="Get user cart and save cart IdD" time="0.342">
    <system-out><![CDATA[  Given User sets bearer authorization for GetCart endpoint        # com.omrbranch.stepdefinition.TC011_CartStep.user_sets_bearer_authorization_for_get_cart_endpoint()
{
    "status": 200,
    "message": "OK",
    "currency": "$",
    "data": [
        {
            "id": 42034,
            "cart_id": 20507,
            "product_id": 18,
            "product_variation_id": 24,
            "qty": 1,
            "price": "600.00",
            "special_price": "580.00",
            "offer_id": null,
            "coupon_code_id": null,
            "coupon_discount": null,
            "scheduled": 0,
            "start_date": "2026-06-21",
            "end_date": "2026-06-21",
            "delivery_slot_id": 6,
            "status": "AC",
            "created_at": "2026-06-13 17:26:45",
            "updated_at": "2026-06-13 17:26:45",
            "is_available": 2,
            "product_name": "Happilo 100% Natural Premium California Almonds | Premium Badam Giri (1 kg)",
            "product_image": "https://omrbranch.com/uploads/products/16576077841.jpg",
            "product_medium_image": "https://omrbranch.com/uploads/products/medium/medium-16576077841.jpg",
            "discount": 3,
            "delivery_slots": "08:00 AM to 11:00 AM",
            "delivery_slot_type": "single",
            "is_favorite": 0,
            "max_qty": 10000
        }
    ],
    "cart_count": 1,
    "payment": "Cash On Delivery",
    "wallet": "0.00",
    "total_amount": "580.00",
    "coupon_discount": "0.00",
    "shipping_fee": "0.00",
    "grand_total": "580.00",
    "savings": "20.00",
    "credit_usage": 0,
    "credits_used": "0.00",
    "payment_key": "cod",
    "address": {
        "id": 37257,
        "address_code": "ADDN9uvp",
        "user_id": 872,
        "first_name": "Karthikeyan",
        "last_name": "Srinivasan",
        "mobile": "1234567898",
        "apartment": "apartment",
        "address": "64/63 partap nagar",
        "country_id": 101,
        "state_id": 33,
        "city_id": 3378,
        "zipcode": "202020",
        "lat": null,
        "lng": null,
        "default": 1,
        "status": "AC",
        "address_type": "home",
        "created_at": "2026-05-28 15:36:25",
        "updated_at": "2026-05-28 15:36:25",
        "city": "Jaipur",
        "state": "Rajasthan",
        "country": "India"
    }
}
]]></system-out>
  </testcase>
  <testcase name="User should verify the status code is 200" classname="Get user cart and save cart IdD" time="0.0">
    <system-out><![CDATA[  When User sends "GET" request to the GetCart endpoint            # com.omrbranch.stepdefinition.TC011_CartStep.user_sends_request_to_the_get_cart_endpoint(java.lang.String)
]]></system-out>
  </testcase>
  <testcase name="Verify the GetCart response message is &quot;OK&quot; Save the cart ID" classname="Get user cart and save cart IdD" time="0.01">
    <system-out><![CDATA[  Then User should verify the status code is 200                   # com.omrbranch.stepdefinition.CommonStep.user_should_verify_the_status_code_is(int)
Cart Id : 20507
]]></system-out>
  </testcase>
  <testcase name="" classname="Get user cart and save cart IdD" time="0.012">
    <system-out><![CDATA[  And Verify the GetCart response message is "OK" Save the cart ID # com.omrbranch.stepdefinition.TC011_CartStep.verify_the_get_cart_response_message_is_save_the_cart_id(java.lang.String)
]]></system-out>
  </testcase>
  <testcase name="User adds headers for StateList" classname="Verify User Get StateList through API" time="0.0">
    <system-out><![CDATA[
Scenario: Verify User Get StateList through API                                                    # src/test/resources/features/Order.feature:45
]]></system-out>
  </testcase>
  <testcase name="User adds headers for StateList" classname="Verify User Get StateList through API" time="0.0">
    <system-out><![CDATA[
@StateListv
Scenario: Verify User Get StateList through API                                                    # src/test/resources/features/UserAddress.feature:15
]]></system-out>
  </testcase>
  <testcase name="User sends &quot;GET&quot; request to StateList endpoint" classname="Verify User Get StateList through API" time="0.314">
    <system-out><![CDATA[  Given User adds headers for StateList                                                            # com.omrbranch.stepdefinition.TC002_StateListStep.user_adds_headers_for_state_list()
{
    "status": 200,
    "message": "OK",
    "data": [
        {
            "id": 1,
            "name": "Andaman and Nicobar Islands"
        },
        {
            "id": 2,
            "name": "Andhra Pradesh"
        },
        {
            "id": 3,
            "name": "Arunachal Pradesh"
        },
        {
            "id": 4,
            "name": "Assam"
        },
        {
            "id": 5,
            "name": "Bihar"
        },
        {
            "id": 6,
            "name": "Chandigarh"
        },
        {
            "id": 7,
            "name": "Chhattisgarh"
        },
        {
            "id": 8,
            "name": "Dadra and Nagar Haveli"
        },
        {
            "id": 9,
            "name": "Daman and Diu"
        },
        {
            "id": 10,
            "name": "Delhi"
        },
        {
            "id": 11,
            "name": "Goa"
        },
        {
            "id": 12,
            "name": "Gujarat"
        },
        {
            "id": 13,
            "name": "Haryana"
        },
        {
            "id": 14,
            "name": "Himachal Pradesh"
        },
        {
            "id": 15,
            "name": "Jammu and Kashmir"
        },
        {
            "id": 16,
            "name": "Jharkhand"
        },
        {
            "id": 17,
            "name": "Karnataka"
        },
        {
            "id": 18,
            "name": "Kenmore"
        },
        {
            "id": 19,
            "name": "Kerala"
        },
        {
            "id": 20,
            "name": "Lakshadweep"
        },
        {
            "id": 21,
            "name": "Madhya Pradesh"
        },
        {
            "id": 22,
            "name": "Maharashtra"
        },
        {
            "id": 23,
            "name": "Manipur"
        },
        {
            "id": 24,
            "name": "Meghalaya"
        },
        {
            "id": 25,
            "name": "Mizoram"
        },
        {
            "id": 26,
            "name": "Nagaland"
        },
        {
            "id": 27,
            "name": "Narora"
        },
        {
            "id": 28,
            "name": "Natwar"
        },
        {
            "id": 29,
            "name": "Odisha"
        },
        {
            "id": 30,
            "name": "Paschim Medinipur"
        },
        {
            "id": 31,
            "name": "Pondicherry"
        },
        {
            "id": 32,
            "name": "Punjab"
        },
        {
            "id": 33,
            "name": "Rajasthan"
        },
        {
            "id": 34,
            "name": "Sikkim"
        },
        {
            "id": 35,
            "name": "Tamil Nadu"
        },
        {
            "id": 36,
            "name": "Telangana"
        },
        {
            "id": 37,
            "name": "Tripura"
        },
        {
            "id": 38,
            "name": "Uttar Pradesh"
        },
        {
            "id": 39,
            "name": "Uttarakhand"
        },
        {
            "id": 40,
            "name": "Vaishali"
        },
        {
            "id": 41,
            "name": "West Bengal"
        }
    ]
}
]]></system-out>
  </testcase>
  <testcase name="User sends &quot;GET&quot; request to StateList endpoint" classname="Verify User Get StateList through API" time="0.304">
    <system-out><![CDATA[  Given User adds headers for StateList                                                            # com.omrbranch.stepdefinition.TC002_StateListStep.user_adds_headers_for_state_list()
{
    "status": 200,
    "message": "OK",
    "data": [
        {
            "id": 1,
            "name": "Andaman and Nicobar Islands"
        },
        {
            "id": 2,
            "name": "Andhra Pradesh"
        },
        {
            "id": 3,
            "name": "Arunachal Pradesh"
        },
        {
            "id": 4,
            "name": "Assam"
        },
        {
            "id": 5,
            "name": "Bihar"
        },
        {
            "id": 6,
            "name": "Chandigarh"
        },
        {
            "id": 7,
            "name": "Chhattisgarh"
        },
        {
            "id": 8,
            "name": "Dadra and Nagar Haveli"
        },
        {
            "id": 9,
            "name": "Daman and Diu"
        },
        {
            "id": 10,
            "name": "Delhi"
        },
        {
            "id": 11,
            "name": "Goa"
        },
        {
            "id": 12,
            "name": "Gujarat"
        },
        {
            "id": 13,
            "name": "Haryana"
        },
        {
            "id": 14,
            "name": "Himachal Pradesh"
        },
        {
            "id": 15,
            "name": "Jammu and Kashmir"
        },
        {
            "id": 16,
            "name": "Jharkhand"
        },
        {
            "id": 17,
            "name": "Karnataka"
        },
        {
            "id": 18,
            "name": "Kenmore"
        },
        {
            "id": 19,
            "name": "Kerala"
        },
        {
            "id": 20,
            "name": "Lakshadweep"
        },
        {
            "id": 21,
            "name": "Madhya Pradesh"
        },
        {
            "id": 22,
            "name": "Maharashtra"
        },
        {
            "id": 23,
            "name": "Manipur"
        },
        {
            "id": 24,
            "name": "Meghalaya"
        },
        {
            "id": 25,
            "name": "Mizoram"
        },
        {
            "id": 26,
            "name": "Nagaland"
        },
        {
            "id": 27,
            "name": "Narora"
        },
        {
            "id": 28,
            "name": "Natwar"
        },
        {
            "id": 29,
            "name": "Odisha"
        },
        {
            "id": 30,
            "name": "Paschim Medinipur"
        },
        {
            "id": 31,
            "name": "Pondicherry"
        },
        {
            "id": 32,
            "name": "Punjab"
        },
        {
            "id": 33,
            "name": "Rajasthan"
        },
        {
            "id": 34,
            "name": "Sikkim"
        },
        {
            "id": 35,
            "name": "Tamil Nadu"
        },
        {
            "id": 36,
            "name": "Telangana"
        },
        {
            "id": 37,
            "name": "Tripura"
        },
        {
            "id": 38,
            "name": "Uttar Pradesh"
        },
        {
            "id": 39,
            "name": "Uttarakhand"
        },
        {
            "id": 40,
            "name": "Vaishali"
        },
        {
            "id": 41,
            "name": "West Bengal"
        }
    ]
}
]]></system-out>
  </testcase>
  <testcase name="User should verify the status code is 200" classname="Verify User Get StateList through API" time="0.0">
    <system-out><![CDATA[  When User sends "GET" request to StateList endpoint                                              # com.omrbranch.stepdefinition.TC002_StateListStep.user_sends_request_to_state_list_endpoint(java.lang.String)
]]></system-out>
  </testcase>
  <testcase name="User should verify the status code is 200" classname="Verify User Get StateList through API" time="0.0">
    <system-out><![CDATA[  When User sends "GET" request to StateList endpoint                                              # com.omrbranch.stepdefinition.TC002_StateListStep.user_sends_request_to_state_list_endpoint(java.lang.String)
]]></system-out>
  </testcase>
  <testcase name="User should verify the stateList response message matches &quot;Tamil Nadu&quot; and save the state id" classname="Verify User Get StateList through API" time="0.001">
    <system-out><![CDATA[  Then User should verify the status code is 200                                                   # com.omrbranch.stepdefinition.CommonStep.user_should_verify_the_status_code_is(int)
State Id : 35
]]></system-out>
  </testcase>
  <testcase name="User should verify the stateList response message matches &quot;Tamil Nadu&quot; and save the state id" classname="Verify User Get StateList through API" time="0.0">
    <system-out><![CDATA[  Then User should verify the status code is 200                                                   # com.omrbranch.stepdefinition.CommonStep.user_should_verify_the_status_code_is(int)
State Id : 35
]]></system-out>
  </testcase>
  <testcase name="" classname="Verify User Get StateList through API" time="0.005">
    <system-out><![CDATA[  And User should verify the stateList response message matches "Tamil Nadu" and save the state id # com.omrbranch.stepdefinition.TC002_StateListStep.user_should_verify_the_state_list_response_message_matches_and_save_the_state_id(java.lang.String)
]]></system-out>
  </testcase>
  <testcase name="" classname="Verify User Get StateList through API" time="0.0">
    <system-out><![CDATA[  And User should verify the stateList response message matches "Tamil Nadu" and save the state id # com.omrbranch.stepdefinition.TC002_StateListStep.user_should_verify_the_state_list_response_message_matches_and_save_the_state_id(java.lang.String)
]]></system-out>
  </testcase>
  <testcase name="User adds headers for CityList" classname="Verify User Get City list through API" time="0.0">
    <system-out><![CDATA[
Scenario: Verify User Get City list through API                                               # src/test/resources/features/Order.feature:51
]]></system-out>
  </testcase>
  <testcase name="User adds headers for CityList" classname="Verify User Get City list through API" time="0.0">
    <system-out><![CDATA[
@CityListv
Scenario: Verify User Get City list through API                                               # src/test/resources/features/UserAddress.feature:22
]]></system-out>
  </testcase>
  <testcase name="User adds request body with state id for city list" classname="Verify User Get City list through API" time="0.0">
    <system-out><![CDATA[  Given User adds headers for CityList                                                        # com.omrbranch.stepdefinition.TC003_CityListStep.user_adds_headers_for_city_list()
]]></system-out>
  </testcase>
  <testcase name="User adds request body with state id for city list" classname="Verify User Get City list through API" time="0.0">
    <system-out><![CDATA[  Given User adds headers for CityList                                                        # com.omrbranch.stepdefinition.TC003_CityListStep.user_adds_headers_for_city_list()
]]></system-out>
  </testcase>
  <testcase name="User sends &quot;POST&quot; request to CityList endpoint" classname="Verify User Get City list through API" time="0.381">
    <system-out><![CDATA[  When User adds request body with state id for city list                                     # com.omrbranch.stepdefinition.TC003_CityListStep.user_adds_request_body_with_state_id_for_city_list()
{
    "status": 200,
    "message": "OK",
    "data": [
        {
            "id": 3551,
            "name": "Abiramam"
        },
        {
            "id": 3552,
            "name": "Achampudur"
        },
        {
            "id": 3553,
            "name": "Acharapakkam"
        },
        {
            "id": 3554,
            "name": "Acharipallam"
        },
        {
            "id": 3555,
            "name": "Achipatti"
        },
        {
            "id": 3556,
            "name": "Adikaratti"
        },
        {
            "id": 3557,
            "name": "Adiramapattinam"
        },
        {
            "id": 3558,
            "name": "Aduturai"
        },
        {
            "id": 3559,
            "name": "Adyar"
        },
        {
            "id": 3560,
            "name": "Agaram"
        },
        {
            "id": 3561,
            "name": "Agasthiswaram"
        },
        {
            "id": 3562,
            "name": "Akkaraipettai"
        },
        {
            "id": 3563,
            "name": "Alagappapuram"
        },
        {
            "id": 3564,
            "name": "Alagapuri"
        },
        {
            "id": 3565,
            "name": "Alampalayam"
        },
        {
            "id": 3566,
            "name": "Alandur"
        },
        {
            "id": 3567,
            "name": "Alanganallur"
        },
        {
            "id": 3568,
            "name": "Alangayam"
        },
        {
            "id": 3569,
            "name": "Alangudi"
        },
        {
            "id": 3570,
            "name": "Alangulam"
        },
        {
            "id": 3571,
            "name": "Alanthurai"
        },
        {
            "id": 3572,
            "name": "Alapakkam"
        },
        {
            "id": 3573,
            "name": "Allapuram"
        },
        {
            "id": 3574,
            "name": "Alur"
        },
        {
            "id": 3575,
            "name": "Alwar Tirunagari"
        },
        {
            "id": 3576,
            "name": "Alwarkurichi"
        },
        {
            "id": 3577,
            "name": "Ambasamudram"
        },
        {
            "id": 3578,
            "name": "Ambur"
        },
        {
            "id": 3579,
            "name": "Ammainaickanur"
        },
        {
            "id": 3580,
            "name": "Ammaparikuppam"
        },
        {
            "id": 3581,
            "name": "Ammapettai"
        },
        {
            "id": 3582,
            "name": "Ammavarikuppam"
        },
        {
            "id": 3583,
            "name": "Ammur"
        },
        {
            "id": 3584,
            "name": "Anaimalai"
        },
        {
            "id": 3585,
            "name": "Anaiyur"
        },
        {
            "id": 3586,
            "name": "Anakaputhur"
        },
        {
            "id": 3587,
            "name": "Ananthapuram"
        },
        {
            "id": 3588,
            "name": "Andanappettai"
        },
        {
            "id": 3589,
            "name": "Andipalayam"
        },
        {
            "id": 3590,
            "name": "Andippatti"
        },
        {
            "id": 3591,
            "name": "Anjugramam"
        },
        {
            "id": 3592,
            "name": "Annamalainagar"
        },
        {
            "id": 3593,
            "name": "Annavasal"
        },
        {
            "id": 3594,
            "name": "Annur"
        },
        {
            "id": 3595,
            "name": "Anthiyur"
        },
        {
            "id": 3596,
            "name": "Appakudal"
        },
        {
            "id": 3597,
            "name": "Arachalur"
        },
        {
            "id": 3598,
            "name": "Arakandanallur"
        },
        {
            "id": 3599,
            "name": "Arakonam"
        },
        {
            "id": 3600,
            "name": "Aralvaimozhi"
        },
        {
            "id": 3601,
            "name": "Arani"
        },
        {
            "id": 3602,
            "name": "Arani Road"
        },
        {
            "id": 3603,
            "name": "Arantangi"
        },
        {
            "id": 3604,
            "name": "Arasiramani"
        },
        {
            "id": 3605,
            "name": "Aravakurichi"
        },
        {
            "id": 3606,
            "name": "Aravankadu"
        },
        {
            "id": 3607,
            "name": "Arcot"
        },
        {
            "id": 3608,
            "name": "Arimalam"
        },
        {
            "id": 3609,
            "name": "Ariyalur"
        },
        {
            "id": 3610,
            "name": "Ariyappampalayam"
        },
        {
            "id": 3611,
            "name": "Ariyur"
        },
        {
            "id": 3612,
            "name": "Arni"
        },
        {
            "id": 3613,
            "name": "Arulmigu Thirumuruganpundi"
        },
        {
            "id": 3614,
            "name": "Arumanai"
        },
        {
            "id": 3615,
            "name": "Arumbavur"
        },
        {
            "id": 3616,
            "name": "Arumuganeri"
        },
        {
            "id": 3617,
            "name": "Aruppukkottai"
        },
        {
            "id": 3618,
            "name": "Ashokapuram"
        },
        {
            "id": 3619,
            "name": "Athani"
        },
        {
            "id": 3620,
            "name": "Athanur"
        },
        {
            "id": 3621,
            "name": "Athimarapatti"
        },
        {
            "id": 3622,
            "name": "Athipattu"
        },
        {
            "id": 3623,
            "name": "Athur"
        },
        {
            "id": 3624,
            "name": "Attayyampatti"
        },
        {
            "id": 3625,
            "name": "Attur"
        },
        {
            "id": 3626,
            "name": "Auroville"
        },
        {
            "id": 3627,
            "name": "Avadattur"
        },
        {
            "id": 3628,
            "name": "Avadi"
        },
        {
            "id": 3629,
            "name": "Avalpundurai"
        },
        {
            "id": 3630,
            "name": "Avaniapuram"
        },
        {
            "id": 3631,
            "name": "Avinashi"
        },
        {
            "id": 3632,
            "name": "Ayakudi"
        },
        {
            "id": 3633,
            "name": "Ayanadaippu"
        },
        {
            "id": 3634,
            "name": "Aygudi"
        },
        {
            "id": 3635,
            "name": "Ayothiapattinam"
        },
        {
            "id": 3636,
            "name": "Ayyalur"
        },
        {
            "id": 3637,
            "name": "Ayyampalayam"
        },
        {
            "id": 3638,
            "name": "Ayyampettai"
        },
        {
            "id": 3639,
            "name": "Azhagiapandiapuram"
        },
        {
            "id": 3640,
            "name": "Balakrishnampatti"
        },
        {
            "id": 3641,
            "name": "Balakrishnapuram"
        },
        {
            "id": 3642,
            "name": "Balapallam"
        },
        {
            "id": 3643,
            "name": "Balasamudram"
        },
        {
            "id": 3644,
            "name": "Bargur"
        },
        {
            "id": 3645,
            "name": "Belur"
        },
        {
            "id": 3646,
            "name": "Berhatty"
        },
        {
            "id": 3647,
            "name": "Bhavani"
        },
        {
            "id": 3648,
            "name": "Bhawanisagar"
        },
        {
            "id": 3649,
            "name": "Bhuvanagiri"
        },
        {
            "id": 3650,
            "name": "Bikketti"
        },
        {
            "id": 3651,
            "name": "Bodinayakkanur"
        },
        {
            "id": 3652,
            "name": "Brahmana Periya Agraharam"
        },
        {
            "id": 3653,
            "name": "Buthapandi"
        },
        {
            "id": 3654,
            "name": "Buthipuram"
        },
        {
            "id": 3655,
            "name": "Chatrapatti"
        },
        {
            "id": 3656,
            "name": "Chembarambakkam"
        },
        {
            "id": 3657,
            "name": "Chengalpattu"
        },
        {
            "id": 3658,
            "name": "Chengam"
        },
        {
            "id": 3659,
            "name": "Chennai"
        },
        {
            "id": 3660,
            "name": "Chennasamudram"
        },
        {
            "id": 3661,
            "name": "Chennimalai"
        },
        {
            "id": 3662,
            "name": "Cheranmadevi"
        },
        {
            "id": 3663,
            "name": "Cheruvanki"
        },
        {
            "id": 3664,
            "name": "Chetpet"
        },
        {
            "id": 3665,
            "name": "Chettiarpatti"
        },
        {
            "id": 3666,
            "name": "Chettipalaiyam"
        },
        {
            "id": 3667,
            "name": "Chettipalayam Cantonment"
        },
        {
            "id": 3668,
            "name": "Chettithangal"
        },
        {
            "id": 3669,
            "name": "Cheyur"
        },
        {
            "id": 3670,
            "name": "Cheyyar"
        },
        {
            "id": 3671,
            "name": "Chidambaram"
        },
        {
            "id": 3672,
            "name": "Chinalapatti"
        },
        {
            "id": 3673,
            "name": "Chinna Anuppanadi"
        },
        {
            "id": 3674,
            "name": "Chinna Salem"
        },
        {
            "id": 3675,
            "name": "Chinnakkampalayam"
        },
        {
            "id": 3676,
            "name": "Chinnammanur"
        },
        {
            "id": 3677,
            "name": "Chinnampalaiyam"
        },
        {
            "id": 3678,
            "name": "Chinnasekkadu"
        },
        {
            "id": 3679,
            "name": "Chinnavedampatti"
        },
        {
            "id": 3680,
            "name": "Chitlapakkam"
        },
        {
            "id": 3681,
            "name": "Chittodu"
        },
        {
            "id": 3682,
            "name": "Cholapuram"
        },
        {
            "id": 3683,
            "name": "Coimbatore"
        },
        {
            "id": 3684,
            "name": "Coonoor"
        },
        {
            "id": 3685,
            "name": "Courtalam"
        },
        {
            "id": 3686,
            "name": "Cuddalore"
        },
        {
            "id": 3687,
            "name": "Dalavaipatti"
        },
        {
            "id": 3688,
            "name": "Darasuram"
        },
        {
            "id": 3689,
            "name": "Denkanikottai"
        },
        {
            "id": 3690,
            "name": "Desur"
        },
        {
            "id": 3691,
            "name": "Devadanapatti"
        },
        {
            "id": 3692,
            "name": "Devakkottai"
        },
        {
            "id": 3693,
            "name": "Devakottai"
        },
        {
            "id": 3694,
            "name": "Devanangurichi"
        },
        {
            "id": 3695,
            "name": "Devarshola"
        },
        {
            "id": 3696,
            "name": "Devasthanam"
        },
        {
            "id": 3697,
            "name": "Dhalavoipuram"
        },
        {
            "id": 3698,
            "name": "Dhali"
        },
        {
            "id": 3699,
            "name": "Dhaliyur"
        },
        {
            "id": 3700,
            "name": "Dharapadavedu"
        },
        {
            "id": 3701,
            "name": "Dharapuram"
        },
        {
            "id": 3702,
            "name": "Dharmapuri"
        },
        {
            "id": 3703,
            "name": "Dindigul"
        },
        {
            "id": 3704,
            "name": "Dusi"
        },
        {
            "id": 3705,
            "name": "Edaganasalai"
        },
        {
            "id": 3706,
            "name": "Edaikodu"
        },
        {
            "id": 3707,
            "name": "Edakalinadu"
        },
        {
            "id": 3708,
            "name": "Elathur"
        },
        {
            "id": 3709,
            "name": "Elayirampannai"
        },
        {
            "id": 3710,
            "name": "Elumalai"
        },
        {
            "id": 3711,
            "name": "Eral"
        },
        {
            "id": 3712,
            "name": "Eraniel"
        },
        {
            "id": 3713,
            "name": "Eriodu"
        },
        {
            "id": 3714,
            "name": "Erode"
        },
        {
            "id": 3715,
            "name": "Erumaipatti"
        },
        {
            "id": 3716,
            "name": "Eruvadi"
        },
        {
            "id": 3717,
            "name": "Ethapur"
        },
        {
            "id": 3718,
            "name": "Ettaiyapuram"
        },
        {
            "id": 3719,
            "name": "Ettimadai"
        },
        {
            "id": 3720,
            "name": "Ezhudesam"
        },
        {
            "id": 3721,
            "name": "Ganapathipuram"
        },
        {
            "id": 3722,
            "name": "Gandhi Nagar"
        },
        {
            "id": 3723,
            "name": "Gangaikondan"
        },
        {
            "id": 3724,
            "name": "Gangavalli"
        },
        {
            "id": 3725,
            "name": "Ganguvarpatti"
        },
        {
            "id": 3726,
            "name": "Gingi"
        },
        {
            "id": 3727,
            "name": "Gopalasamudram"
        },
        {
            "id": 3728,
            "name": "Gopichettipalaiyam"
        },
        {
            "id": 3729,
            "name": "Gudalur"
        },
        {
            "id": 3730,
            "name": "Gudiyattam"
        },
        {
            "id": 3731,
            "name": "Guduvanchery"
        },
        {
            "id": 3732,
            "name": "Gummidipoondi"
        },
        {
            "id": 3733,
            "name": "Hanumanthampatti"
        },
        {
            "id": 3734,
            "name": "Harur"
        },
        {
            "id": 3735,
            "name": "Harveypatti"
        },
        {
            "id": 3736,
            "name": "Highways"
        },
        {
            "id": 3737,
            "name": "Hosur"
        },
        {
            "id": 3738,
            "name": "Hubbathala"
        },
        {
            "id": 3739,
            "name": "Huligal"
        },
        {
            "id": 3740,
            "name": "Idappadi"
        },
        {
            "id": 3741,
            "name": "Idikarai"
        },
        {
            "id": 3742,
            "name": "Ilampillai"
        },
        {
            "id": 3743,
            "name": "Ilanji"
        },
        {
            "id": 3744,
            "name": "Iluppaiyurani"
        },
        {
            "id": 3745,
            "name": "Iluppur"
        },
        {
            "id": 3746,
            "name": "Inam Karur"
        },
        {
            "id": 3747,
            "name": "Injambakkam"
        },
        {
            "id": 3748,
            "name": "Irugur"
        },
        {
            "id": 3749,
            "name": "Jaffrabad"
        },
        {
            "id": 3750,
            "name": "Jagathala"
        },
        {
            "id": 3751,
            "name": "Jalakandapuram"
        },
        {
            "id": 3752,
            "name": "Jalladiampet"
        },
        {
            "id": 3753,
            "name": "Jambai"
        },
        {
            "id": 3754,
            "name": "Jayankondam"
        },
        {
            "id": 3755,
            "name": "Jolarpet"
        },
        {
            "id": 3756,
            "name": "Kadambur"
        },
        {
            "id": 3757,
            "name": "Kadathur"
        },
        {
            "id": 3758,
            "name": "Kadayal"
        },
        {
            "id": 3759,
            "name": "Kadayampatti"
        },
        {
            "id": 3760,
            "name": "Kadayanallur"
        },
        {
            "id": 3761,
            "name": "Kadiapatti"
        },
        {
            "id": 3762,
            "name": "Kalakkad"
        },
        {
            "id": 3763,
            "name": "Kalambur"
        },
        {
            "id": 3764,
            "name": "Kalapatti"
        },
        {
            "id": 3765,
            "name": "Kalappanaickenpatti"
        },
        {
            "id": 3766,
            "name": "Kalavai"
        },
        {
            "id": 3767,
            "name": "Kalinjur"
        },
        {
            "id": 3768,
            "name": "Kaliyakkavilai"
        },
        {
            "id": 3769,
            "name": "Kallakkurichi"
        },
        {
            "id": 3770,
            "name": "Kallakudi"
        },
        {
            "id": 3771,
            "name": "Kallidaikurichchi"
        },
        {
            "id": 3772,
            "name": "Kallukuttam"
        },
        {
            "id": 3773,
            "name": "Kallupatti"
        },
        {
            "id": 3774,
            "name": "Kalpakkam"
        },
        {
            "id": 3775,
            "name": "Kalugumalai"
        },
        {
            "id": 3776,
            "name": "Kamayagoundanpatti"
        },
        {
            "id": 3777,
            "name": "Kambainallur"
        },
        {
            "id": 3778,
            "name": "Kambam"
        },
        {
            "id": 3779,
            "name": "Kamuthi"
        },
        {
            "id": 3780,
            "name": "Kanadukathan"
        },
        {
            "id": 3781,
            "name": "Kanakkampalayam"
        },
        {
            "id": 3782,
            "name": "Kanam"
        },
        {
            "id": 3783,
            "name": "Kanchipuram"
        },
        {
            "id": 3784,
            "name": "Kandanur"
        },
        {
            "id": 3785,
            "name": "Kangayam"
        },
        {
            "id": 3786,
            "name": "Kangayampalayam"
        },
        {
            "id": 3787,
            "name": "Kangeyanallur"
        },
        {
            "id": 3788,
            "name": "Kaniyur"
        },
        {
            "id": 3789,
            "name": "Kanjikoil"
        },
        {
            "id": 3790,
            "name": "Kannadendal"
        },
        {
            "id": 3791,
            "name": "Kannamangalam"
        },
        {
            "id": 3792,
            "name": "Kannampalayam"
        },
        {
            "id": 3793,
            "name": "Kannankurichi"
        },
        {
            "id": 3794,
            "name": "Kannapalaiyam"
        },
        {
            "id": 3795,
            "name": "Kannivadi"
        },
        {
            "id": 3796,
            "name": "Kanyakumari"
        },
        {
            "id": 3797,
            "name": "Kappiyarai"
        },
        {
            "id": 3798,
            "name": "Karaikkudi"
        },
        {
            "id": 3799,
            "name": "Karamadai"
        },
        {
            "id": 3800,
            "name": "Karambakkam"
        },
        {
            "id": 3801,
            "name": "Karambakkudi"
        },
        {
            "id": 3802,
            "name": "Kariamangalam"
        },
        {
            "id": 3803,
            "name": "Kariapatti"
        },
        {
            "id": 3804,
            "name": "Karugampattur"
        },
        {
            "id": 3805,
            "name": "Karumandi Chellipalayam"
        },
        {
            "id": 3806,
            "name": "Karumathampatti"
        },
        {
            "id": 3807,
            "name": "Karumbakkam"
        },
        {
            "id": 3808,
            "name": "Karungal"
        },
        {
            "id": 3809,
            "name": "Karunguzhi"
        },
        {
            "id": 3810,
            "name": "Karuppur"
        },
        {
            "id": 3811,
            "name": "Karur"
        },
        {
            "id": 3812,
            "name": "Kasipalaiyam"
        },
        {
            "id": 3813,
            "name": "Kasipalayam G"
        },
        {
            "id": 3814,
            "name": "Kathirvedu"
        },
        {
            "id": 3815,
            "name": "Kathujuganapalli"
        },
        {
            "id": 3816,
            "name": "Katpadi"
        },
        {
            "id": 3817,
            "name": "Kattivakkam"
        },
        {
            "id": 3818,
            "name": "Kattumannarkoil"
        },
        {
[...]
            "address": "123, OMR Street",
            "country_id": 101,
            "state_id": 35,
            "city_id": 4440,
            "zipcode": "600100",
            "lat": null,
            "lng": null,
            "default": 0,
            "status": "AC",
            "address_type": "Home",
            "created_at": "2026-06-11 01:10:19",
            "updated_at": "2026-06-11 01:10:19",
            "city": "Yercaud",
            "state": "Tamil Nadu",
            "country": "India",
            "is_selected": 0
        },
        {
            "id": 38320,
            "address_code": "ADDa9MpM",
            "user_id": 872,
            "first_name": "Karthikeyan",
            "last_name": "Srinivasan",
            "mobile": "9789912849",
            "apartment": "Apt-1",
            "address": "123, OMR Street",
            "country_id": 101,
            "state_id": 35,
            "city_id": 4440,
            "zipcode": "600100",
            "lat": null,
            "lng": null,
            "default": 0,
            "status": "AC",
            "address_type": "Home",
            "created_at": "2026-06-11 01:22:25",
            "updated_at": "2026-06-11 01:22:25",
            "city": "Yercaud",
            "state": "Tamil Nadu",
            "country": "India",
            "is_selected": 0
        },
        {
            "id": 38321,
            "address_code": "ADDLCqZL",
            "user_id": 872,
            "first_name": "Greens",
            "last_name": "Tech",
            "mobile": "9944152058",
            "apartment": "Apt-123",
            "address": "123, OMR Street",
            "country_id": 101,
            "state_id": 35,
            "city_id": 4440,
            "zipcode": "600100",
            "lat": null,
            "lng": null,
            "default": 0,
            "status": "AC",
            "address_type": "Home",
            "created_at": "2026-06-11 01:22:26",
            "updated_at": "2026-06-11 01:22:26",
            "city": "Yercaud",
            "state": "Tamil Nadu",
            "country": "India",
            "is_selected": 0
        },
        {
            "id": 38322,
            "address_code": "ADDiwe3r",
            "user_id": 872,
            "first_name": "Karthikeyan",
            "last_name": "Srinivasan",
            "mobile": "9789912849",
            "apartment": "Apt-1",
            "address": "123, OMR Street",
            "country_id": 101,
            "state_id": 35,
            "city_id": 4440,
            "zipcode": "600100",
            "lat": null,
            "lng": null,
            "default": 0,
            "status": "AC",
            "address_type": "Home",
            "created_at": "2026-06-11 01:23:59",
            "updated_at": "2026-06-11 01:23:59",
            "city": "Yercaud",
            "state": "Tamil Nadu",
            "country": "India",
            "is_selected": 0
        },
        {
            "id": 38323,
            "address_code": "ADDGmXiS",
            "user_id": 872,
            "first_name": "Greens",
            "last_name": "Tech",
            "mobile": "9944152058",
            "apartment": "Apt-123",
            "address": "123, OMR Street",
            "country_id": 101,
            "state_id": 35,
            "city_id": 4440,
            "zipcode": "600100",
            "lat": null,
            "lng": null,
            "default": 0,
            "status": "AC",
            "address_type": "Home",
            "created_at": "2026-06-11 01:24:00",
            "updated_at": "2026-06-11 01:24:00",
            "city": "Yercaud",
            "state": "Tamil Nadu",
            "country": "India",
            "is_selected": 0
        },
        {
            "id": 38324,
            "address_code": "ADDBhzbD",
            "user_id": 872,
            "first_name": "Karthikeyan",
            "last_name": "Srinivasan",
            "mobile": "9789912849",
            "apartment": "Apt-1",
            "address": "123, OMR Street",
            "country_id": 101,
            "state_id": 35,
            "city_id": 4440,
            "zipcode": "600100",
            "lat": null,
            "lng": null,
            "default": 0,
            "status": "AC",
            "address_type": "Home",
            "created_at": "2026-06-11 01:46:24",
            "updated_at": "2026-06-11 01:46:24",
            "city": "Yercaud",
            "state": "Tamil Nadu",
            "country": "India",
            "is_selected": 0
        },
        {
            "id": 38325,
            "address_code": "ADD9u05e",
            "user_id": 872,
            "first_name": "Karthikeyan",
            "last_name": "Srinivasan",
            "mobile": "9789912849",
            "apartment": "Apt-1",
            "address": "123, OMR Street",
            "country_id": 101,
            "state_id": 35,
            "city_id": 4440,
            "zipcode": "600100",
            "lat": null,
            "lng": null,
            "default": 0,
            "status": "AC",
            "address_type": "Home",
            "created_at": "2026-06-11 01:48:23",
            "updated_at": "2026-06-11 01:48:23",
            "city": "Yercaud",
            "state": "Tamil Nadu",
            "country": "India",
            "is_selected": 0
        },
        {
            "id": 38326,
            "address_code": "ADD87tM0",
            "user_id": 872,
            "first_name": "Karthikeyan",
            "last_name": "Srinivasan",
            "mobile": "9789912849",
            "apartment": "Apt-1",
            "address": "123, OMR Street",
            "country_id": 101,
            "state_id": 35,
            "city_id": 4440,
            "zipcode": "600100",
            "lat": null,
            "lng": null,
            "default": 0,
            "status": "AC",
            "address_type": "Home",
            "created_at": "2026-06-11 01:48:56",
            "updated_at": "2026-06-11 01:48:56",
            "city": "Yercaud",
            "state": "Tamil Nadu",
            "country": "India",
            "is_selected": 0
        },
        {
            "id": 38327,
            "address_code": "ADDHQD9T",
            "user_id": 872,
            "first_name": "Karthikeyan",
            "last_name": "Srinivasan",
            "mobile": "9789912849",
            "apartment": "Apt-1",
            "address": "123, OMR Street",
            "country_id": 101,
            "state_id": 35,
            "city_id": 4440,
            "zipcode": "600100",
            "lat": null,
            "lng": null,
            "default": 0,
            "status": "AC",
            "address_type": "Home",
            "created_at": "2026-06-11 01:52:33",
            "updated_at": "2026-06-11 01:52:33",
            "city": "Yercaud",
            "state": "Tamil Nadu",
            "country": "India",
            "is_selected": 0
        },
        {
            "id": 38328,
            "address_code": "ADD6wUJr",
            "user_id": 872,
            "first_name": "Karthikeyan",
            "last_name": "Srinivasan",
            "mobile": "9789912849",
            "apartment": "Apt-1",
            "address": "123, OMR Street",
            "country_id": 101,
            "state_id": 35,
            "city_id": 4440,
            "zipcode": "600100",
            "lat": null,
            "lng": null,
            "default": 0,
            "status": "AC",
            "address_type": "Home",
            "created_at": "2026-06-11 02:00:43",
            "updated_at": "2026-06-11 02:00:43",
            "city": "Yercaud",
            "state": "Tamil Nadu",
            "country": "India",
            "is_selected": 0
        },
        {
            "id": 38329,
            "address_code": "ADDwjLbZ",
            "user_id": 872,
            "first_name": "Karthikeyan",
            "last_name": "Srinivasan",
            "mobile": "9789912849",
            "apartment": "Apt-1",
            "address": "123, OMR Street",
            "country_id": 101,
            "state_id": 35,
            "city_id": 4440,
            "zipcode": "600100",
            "lat": null,
            "lng": null,
            "default": 0,
            "status": "AC",
            "address_type": "Home",
            "created_at": "2026-06-11 02:03:01",
            "updated_at": "2026-06-11 02:03:01",
            "city": "Yercaud",
            "state": "Tamil Nadu",
            "country": "India",
            "is_selected": 0
        },
        {
            "id": 38331,
            "address_code": "ADDUQXF4",
            "user_id": 872,
            "first_name": "Karthikeyan",
            "last_name": "Srinivasan",
            "mobile": "9789912849",
            "apartment": "Apt-1",
            "address": "123, OMR Street",
            "country_id": 101,
            "state_id": 35,
            "city_id": 4440,
            "zipcode": "600100",
            "lat": null,
            "lng": null,
            "default": 0,
            "status": "AC",
            "address_type": "Home",
            "created_at": "2026-06-11 02:07:03",
            "updated_at": "2026-06-11 02:07:03",
            "city": "Yercaud",
            "state": "Tamil Nadu",
            "country": "India",
            "is_selected": 0
        },
        {
            "id": 38333,
            "address_code": "ADDPLdrt",
            "user_id": 872,
            "first_name": "Karthikeyan",
            "last_name": "Srinivasan",
            "mobile": "9789912849",
            "apartment": "Apt-1",
            "address": "123, OMR Street",
            "country_id": 101,
            "state_id": 35,
            "city_id": 4440,
            "zipcode": "600100",
            "lat": null,
            "lng": null,
            "default": 0,
            "status": "AC",
            "address_type": "Home",
            "created_at": "2026-06-11 02:10:02",
            "updated_at": "2026-06-11 02:10:02",
            "city": "Yercaud",
            "state": "Tamil Nadu",
            "country": "India",
            "is_selected": 0
        },
        {
            "id": 38335,
            "address_code": "ADDbB2Z4",
            "user_id": 872,
            "first_name": "Karthikeyan",
            "last_name": "Srinivasan",
            "mobile": "9789912849",
            "apartment": "Apt-1",
            "address": "123, OMR Street",
            "country_id": 101,
            "state_id": 35,
            "city_id": 4440,
            "zipcode": "600100",
            "lat": null,
            "lng": null,
            "default": 0,
            "status": "AC",
            "address_type": "Home",
            "created_at": "2026-06-11 02:13:17",
            "updated_at": "2026-06-11 02:13:17",
            "city": "Yercaud",
            "state": "Tamil Nadu",
            "country": "India",
            "is_selected": 0
        },
        {
            "id": 38337,
            "address_code": "ADDpnBc4",
            "user_id": 872,
            "first_name": "Karthikeyan",
            "last_name": "Srinivasan",
            "mobile": "9789912849",
            "apartment": "Apt-1",
            "address": "123, OMR Street",
            "country_id": 101,
            "state_id": 35,
            "city_id": 4440,
            "zipcode": "600100",
            "lat": null,
            "lng": null,
            "default": 0,
            "status": "AC",
            "address_type": "Home",
            "created_at": "2026-06-11 02:15:45",
            "updated_at": "2026-06-11 02:15:45",
            "city": "Yercaud",
            "state": "Tamil Nadu",
            "country": "India",
            "is_selected": 0
        },
        {
            "id": 38339,
            "address_code": "ADDVyTsx",
            "user_id": 872,
            "first_name": "Karthikeyan",
            "last_name": "Srinivasan",
            "mobile": "9789912849",
            "apartment": "Apt-1",
            "address": "123, OMR Street",
            "country_id": 101,
            "state_id": 35,
            "city_id": 4440,
            "zipcode": "600100",
            "lat": null,
            "lng": null,
            "default": 0,
            "status": "AC",
            "address_type": "Home",
            "created_at": "2026-06-11 02:24:53",
            "updated_at": "2026-06-11 02:24:53",
            "city": "Yercaud",
            "state": "Tamil Nadu",
            "country": "India",
            "is_selected": 0
        },
        {
            "id": 38341,
            "address_code": "ADDxOz2c",
            "user_id": 872,
            "first_name": "Karthikeyan",
            "last_name": "Srinivasan",
            "mobile": "9789912849",
            "apartment": "Apt-1",
            "address": "123, OMR Street",
            "country_id": 101,
            "state_id": 35,
            "city_id": 4440,
            "zipcode": "600100",
            "lat": null,
            "lng": null,
            "default": 0,
            "status": "AC",
            "address_type": "Home",
            "created_at": "2026-06-11 08:31:32",
            "updated_at": "2026-06-11 08:31:32",
            "city": "Yercaud",
            "state": "Tamil Nadu",
            "country": "India",
            "is_selected": 0
        },
        {
            "id": 38343,
            "address_code": "ADDiidj3",
            "user_id": 872,
            "first_name": "Karthikeyan",
            "last_name": "Srinivasan",
            "mobile": "9789912849",
            "apartment": "Apt-1",
            "address": "123, OMR Street",
            "country_id": 101,
            "state_id": 35,
            "city_id": 4440,
            "zipcode": "600100",
            "lat": null,
            "lng": null,
            "default": 0,
            "status": "AC",
            "address_type": "Home",
            "created_at": "2026-06-11 08:32:21",
            "updated_at": "2026-06-11 08:32:21",
            "city": "Yercaud",
            "state": "Tamil Nadu",
            "country": "India",
            "is_selected": 0
        },
        {
            "id": 38345,
            "address_code": "ADDXkP3c",
            "user_id": 872,
            "first_name": "Karthikeyan",
            "last_name": "Srinivasan",
            "mobile": "9789912849",
            "apartment": "Apt-1",
            "address": "123, OMR Street",
            "country_id": 101,
            "state_id": 35,
            "city_id": 4440,
            "zipcode": "600100",
            "lat": null,
            "lng": null,
            "default": 0,
            "status": "AC",
            "address_type": "Home",
            "created_at": "2026-06-11 12:23:32",
            "updated_at": "2026-06-11 12:23:32",
            "city": "Yercaud",
            "state": "Tamil Nadu",
            "country": "India",
            "is_selected": 0
        },
        {
            "id": 38404,
            "address_code": "ADDFHPoB",
            "user_id": 872,
            "first_name": "Karthikeyan",
            "last_name": "Srinivasan",
            "mobile": "9789912849",
            "apartment": "Apt-1",
            "address": "123, OMR Street",
            "country_id": 101,
            "state_id": 35,
            "city_id": 4440,
            "zipcode": "600100",
            "lat": null,
            "lng": null,
            "default": 0,
            "status": "AC",
            "address_type": "Home",
            "created_at": "2026-06-13 17:26:46",
            "updated_at": "2026-06-13 17:26:46",
            "city": "Yercaud",
            "state": "Tamil Nadu",
            "country": "India",
            "is_selected": 0
        },
        {
            "id": 38405,
            "address_code": "ADDD3ZhU",
            "user_id": 872,
            "first_name": "Greens",
            "last_name": "Techie",
            "mobile": "9944152058",
            "apartment": "Apt-456",
            "address": "456, OMR Main Road",
            "country_id": 101,
            "state_id": 35,
            "city_id": 4440,
            "zipcode": "600101",
            "lat": null,
            "lng": null,
            "default": 0,
            "status": "AC",
            "address_type": "Office",
            "created_at": "2026-06-13 17:26:55",
            "updated_at": "2026-06-13 17:26:55",
            "city": "Yercaud",
            "state": "Tamil Nadu",
            "country": "India",
            "is_selected": 0
        }
    ]
}
]]></system-out>
  </testcase>
  <testcase name="User should verify the status code is 200" classname="Verify Get User Address through API" time="0.0">
    <system-out><![CDATA[  When User sends "GET" request to GetUserAddress endpoint                             # com.omrbranch.stepdefinition.TC006_GetAddressStep.user_sends_request_to_get_user_address_endpoint(java.lang.String)
]]></system-out>
  </testcase>
  <testcase name="User should verify the GetUserAddress response message matches &quot;OK&quot;" classname="Verify Get User Address through API" time="0.0">
    <system-out><![CDATA[  Then User should verify the status code is 200                                       # com.omrbranch.stepdefinition.CommonStep.user_should_verify_the_status_code_is(int)
]]></system-out>
  </testcase>
  <testcase name="" classname="Verify Get User Address through API" time="0.005">
    <system-out><![CDATA[  And User should verify the GetUserAddress response message matches "OK"              # com.omrbranch.stepdefinition.TC006_GetAddressStep.user_should_verify_the_get_user_address_response_message_matches(java.lang.String)
]]></system-out>
  </testcase>
  <testcase name="User adds headers and bearer authorization for accessing address endpoints" classname="Verify Delete User Address through API" time="0.0">
    <system-out><![CDATA[
@DeleteAddress
Scenario: Verify Delete User Address through API                                                   # src/test/resources/features/UserAddress.feature:61
]]></system-out>
  </testcase>
  <testcase name="User adds request body with address id" classname="Verify Delete User Address through API" time="0.0">
    <system-out><![CDATA[  Given User adds headers and bearer authorization for accessing address endpoints                 # com.omrbranch.stepdefinition.TC004_AddAddressStep.user_adds_headers_and_bearer_authorization_for_accessing_address_endpoints()
]]></system-out>
  </testcase>
  <testcase name="User sends &quot;DELETE&quot; request to DeleteAddress endpoint" classname="Verify Delete User Address through API" time="0.326">
    <system-out><![CDATA[  When User adds request body with address id                                                      # com.omrbranch.stepdefinition.TC007_DeleteAddressStep.user_adds_request_body_with_address_id()
{
    "status": 200,
    "message": "Address deleted successfully"
}
]]></system-out>
  </testcase>
  <testcase name="User should verify the status code is 200" classname="Verify Delete User Address through API" time="0.0">
    <system-out><![CDATA[  And User sends "DELETE" request to DeleteAddress endpoint                                        # com.omrbranch.stepdefinition.TC007_DeleteAddressStep.user_sends_request_to_delete_address_endpoint(java.lang.String)
]]></system-out>
  </testcase>
  <testcase name="User should verify the DeleteAddress response message matches &quot;Address deleted successfully&quot;" classname="Verify Delete User Address through API" time="0.0">
    <system-out><![CDATA[  Then User should verify the status code is 200                                                   # com.omrbranch.stepdefinition.CommonStep.user_should_verify_the_status_code_is(int)
]]></system-out>
  </testcase>
  <testcase name="" classname="Verify Delete User Address through API" time="0.002">
    <system-out><![CDATA[  And User should verify the DeleteAddress response message matches "Address deleted successfully" # com.omrbranch.stepdefinition.TC007_DeleteAddressStep.user_should_verify_the_delete_address_response_message_matches(java.lang.String)
]]></system-out>
  </testcase>
</testsuite>